# JRE version: Java(TM) SE Runtime Environment (8.0_151-b12) (build 1.8.0_151-b12)
# Java VM: Java HotSpot(TM) 64-Bit Server VM (25.151-b12 mixed mode windows-amd64 compressed oops)
Heap:
 PSYoungGen      total 71168K, used 2959K [0x00000000fab00000, 0x0000000100000000, 0x0000000100000000)
  eden space 70656K, 4% used [0x00000000fab00000,0x00000000fadc3d98,0x00000000ff000000)
  from space 512K, 25% used [0x00000000fff00000,0x00000000fff20000,0x00000000fff80000)
  to   space 512K, 0% used [0x00000000fff80000,0x00000000fff80000,0x0000000100000000)
 ParOldGen       total 87552K, used 7669K [0x00000000f0000000, 0x00000000f5580000, 0x00000000fab00000)
  object space 87552K, 8% used [0x00000000f0000000,0x00000000f077d618,0x00000000f5580000)
 Metaspace       used 7135K, capacity 7284K, committed 7552K, reserved 1056768K
  class space    used 808K, capacity 874K, committed 896K, reserved 1048576K
GC Heap History (10 events):
Event: 468.239 GC heap before
{Heap before GC invocations=5713 (full 0):
 PSYoungGen      total 83456K, used 83040K [0x00000000fab00000, 0x0000000100000000, 0x0000000100000000)
  eden space 82944K, 100% used [0x00000000fab00000,0x00000000ffc00000,0x00000000ffc00000)
  from space 512K, 18% used [0x00000000fff80000,0x00000000fff98000,0x0000000100000000)
  to   space 512K, 0% used [0x00000000fff00000,0x00000000fff00000,0x00000000fff80000)
 ParOldGen       total 87552K, used 7669K [0x00000000f0000000, 0x00000000f5580000, 0x00000000fab00000)
  object space 87552K, 8% used [0x00000000f0000000,0x00000000f077d618,0x00000000f5580000)
 Metaspace       used 7135K, capacity 7284K, committed 7552K, reserved 1056768K
  class space    used 808K, capacity 874K, committed 896K, reserved 1048576K
Event: 468.240 GC heap after
Heap after GC invocations=5713 (full 0):
 PSYoungGen      total 80896K, used 96K [0x00000000fab00000, 0x0000000100000000, 0x0000000100000000)
  eden space 80384K, 0% used [0x00000000fab00000,0x00000000fab00000,0x00000000ff980000)
  from space 512K, 18% used [0x00000000fff00000,0x00000000fff18000,0x00000000fff80000)
  to   space 512K, 0% used [0x00000000fff80000,0x00000000fff80000,0x0000000100000000)
 ParOldGen       total 87552K, used 7669K [0x00000000f0000000, 0x00000000f5580000, 0x00000000fab00000)
  object space 87552K, 8% used [0x00000000f0000000,0x00000000f077d618,0x00000000f5580000)
 Metaspace       used 7135K, capacity 7284K, committed 7552K, reserved 1056768K
  class space    used 808K, capacity 874K, committed 896K, reserved 1048576K
}
Event: 468.363 GC heap before
{Heap before GC invocations=5714 (full 0):
 PSYoungGen      total 80896K, used 80480K [0x00000000fab00000, 0x0000000100000000, 0x0000000100000000)
  eden space 80384K, 100% used [0x00000000fab00000,0x00000000ff980000,0x00000000ff980000)
  from space 512K, 18% used [0x00000000fff00000,0x00000000fff18000,0x00000000fff80000)
  to   space 512K, 0% used [0x00000000fff80000,0x00000000fff80000,0x0000000100000000)
 ParOldGen       total 87552K, used 7669K [0x00000000f0000000, 0x00000000f5580000, 0x00000000fab00000)
  object space 87552K, 8% used [0x00000000f0000000,0x00000000f077d618,0x00000000f5580000)
 Metaspace       used 7135K, capacity 7284K, committed 7552K, reserved 1056768K
  class space    used 808K, capacity 874K, committed 896K, reserved 1048576K
Event: 468.364 GC heap after
Heap after GC invocations=5714 (full 0):
 PSYoungGen      total 78336K, used 128K [0x00000000fab00000, 0x0000000100000000, 0x0000000100000000)
  eden space 77824K, 0% used [0x00000000fab00000,0x00000000fab00000,0x00000000ff700000)
  from space 512K, 25% used [0x00000000fff80000,0x00000000fffa0000,0x0000000100000000)
  to   space 512K, 0% used [0x00000000fff00000,0x00000000fff00000,0x00000000fff80000)
 ParOldGen       total 87552K, used 7669K [0x00000000f0000000, 0x00000000f5580000, 0x00000000fab00000)
  object space 87552K, 8% used [0x00000000f0000000,0x00000000f077d618,0x00000000f5580000)
 Metaspace       used 7135K, capacity 7284K, committed 7552K, reserved 1056768K
  class space    used 808K, capacity 874K, committed 896K, reserved 1048576K
}
Event: 468.529 GC heap before
{Heap before GC invocations=5715 (full 0):
 PSYoungGen      total 78336K, used 77952K [0x00000000fab00000, 0x0000000100000000, 0x0000000100000000)
  eden space 77824K, 100% used [0x00000000fab00000,0x00000000ff700000,0x00000000ff700000)
  from space 512K, 25% used [0x00000000fff80000,0x00000000fffa0000,0x0000000100000000)
  to   space 512K, 0% used [0x00000000fff00000,0x00000000fff00000,0x00000000fff80000)
 ParOldGen       total 87552K, used 7669K [0x00000000f0000000, 0x00000000f5580000, 0x00000000fab00000)
  object space 87552K, 8% used [0x00000000f0000000,0x00000000f077d618,0x00000000f5580000)
 Metaspace       used 7135K, capacity 7284K, committed 7552K, reserved 1056768K
  class space    used 808K, capacity 874K, committed 896K, reserved 1048576K
Event: 468.529 GC heap after
Heap after GC invocations=5715 (full 0):
 PSYoungGen      total 75776K, used 64K [0x00000000fab00000, 0x0000000100000000, 0x0000000100000000)
  eden space 75264K, 0% used [0x00000000fab00000,0x00000000fab00000,0x00000000ff480000)
  from space 512K, 12% used [0x00000000fff00000,0x00000000fff10000,0x00000000fff80000)
  to   space 512K, 0% used [0x00000000fff80000,0x00000000fff80000,0x0000000100000000)
 ParOldGen       total 87552K, used 7669K [0x00000000f0000000, 0x00000000f5580000, 0x00000000fab00000)
  object space 87552K, 8% used [0x00000000f0000000,0x00000000f077d618,0x00000000f5580000)
 Metaspace       used 7135K, capacity 7284K, committed 7552K, reserved 1056768K
  class space    used 808K, capacity 874K, committed 896K, reserved 1048576K
}
Event: 468.653 GC heap before
{Heap before GC invocations=5716 (full 0):
 PSYoungGen      total 75776K, used 75328K [0x00000000fab00000, 0x0000000100000000, 0x0000000100000000)
  eden space 75264K, 100% used [0x00000000fab00000,0x00000000ff480000,0x00000000ff480000)
  from space 512K, 12% used [0x00000000fff00000,0x00000000fff10000,0x00000000fff80000)
  to   space 512K, 0% used [0x00000000fff80000,0x00000000fff80000,0x0000000100000000)
 ParOldGen       total 87552K, used 7669K [0x00000000f0000000, 0x00000000f5580000, 0x00000000fab00000)
  object space 87552K, 8% used [0x00000000f0000000,0x00000000f077d618,0x00000000f5580000)
 Metaspace       used 7135K, capacity 7284K, committed 7552K, reserved 1056768K
  class space    used 808K, capacity 874K, committed 896K, reserved 1048576K
Event: 468.654 GC heap after
Heap after GC invocations=5716 (full 0):
 PSYoungGen      total 73216K, used 96K [0x00000000fab00000, 0x0000000100000000, 0x0000000100000000)
  eden space 72704K, 0% used [0x00000000fab00000,0x00000000fab00000,0x00000000ff200000)
  from space 512K, 18% used [0x00000000fff80000,0x00000000fff98000,0x0000000100000000)
  to   space 512K, 0% used [0x00000000fff00000,0x00000000fff00000,0x00000000fff80000)
 ParOldGen       total 87552K, used 7669K [0x00000000f0000000, 0x00000000f5580000, 0x00000000fab00000)
  object space 87552K, 8% used [0x00000000f0000000,0x00000000f077d618,0x00000000f5580000)
 Metaspace       used 7135K, capacity 7284K, committed 7552K, reserved 1056768K
  class space    used 808K, capacity 874K, committed 896K, reserved 1048576K
}
Event: 468.769 GC heap before
{Heap before GC invocations=5717 (full 0):
 PSYoungGen      total 73216K, used 72800K [0x00000000fab00000, 0x0000000100000000, 0x0000000100000000)
  eden space 72704K, 100% used [0x00000000fab00000,0x00000000ff200000,0x00000000ff200000)
  from space 512K, 18% used [0x00000000fff80000,0x00000000fff98000,0x0000000100000000)
  to   space 512K, 0% used [0x00000000fff00000,0x00000000fff00000,0x00000000fff80000)
 ParOldGen       total 87552K, used 7669K [0x00000000f0000000, 0x00000000f5580000, 0x00000000fab00000)
  object space 87552K, 8% used [0x00000000f0000000,0x00000000f077d618,0x00000000f5580000)
 Metaspace       used 7135K, capacity 7284K, committed 7552K, reserved 1056768K
  class space    used 808K, capacity 874K, committed 896K, reserved 1048576K
Event: 468.769 GC heap after
Heap after GC invocations=5717 (full 0):
 PSYoungGen      total 71168K, used 128K [0x00000000fab00000, 0x0000000100000000, 0x0000000100000000)
  eden space 70656K, 0% used [0x00000000fab00000,0x00000000fab00000,0x00000000ff000000)
  from space 512K, 25% used [0x00000000fff00000,0x00000000fff20000,0x00000000fff80000)
  to   space 512K, 0% used [0x00000000fff80000,0x00000000fff80000,0x0000000100000000)
 ParOldGen       total 87552K, used 7669K [0x00000000f0000000, 0x00000000f5580000, 0x00000000fab00000)
  object space 87552K, 8% used [0x00000000f0000000,0x00000000f077d618,0x00000000f5580000)
 Metaspace       used 7135K, capacity 7284K, committed 7552K, reserved 1056768K
  class space    used 808K, capacity 874K, committed 896K, reserved 1048576K
}

